  Grafic_function.cpp
d:\888\kodsolushen\source\repos\course_one\grafic_function\grafic_function.cpp(264): warning C4244: =: преобразование "double" в "int", возможна потеря данных
d:\888\kodsolushen\source\repos\course_one\grafic_function\grafic_function.cpp(286): warning C4244: аргумент: преобразование "double" в "int", возможна потеря данных
d:\888\kodsolushen\source\repos\course_one\grafic_function\grafic_function.cpp(287): warning C4244: аргумент: преобразование "double" в "int", возможна потеря данных
d:\888\kodsolushen\source\repos\course_one\grafic_function\grafic_function.cpp(291): warning C4244: аргумент: преобразование "double" в "int", возможна потеря данных
d:\888\kodsolushen\source\repos\course_one\grafic_function\grafic_function.cpp(292): warning C4244: аргумент: преобразование "double" в "int", возможна потеря данных
d:\888\kodsolushen\source\repos\course_one\grafic_function\grafic_function.cpp(297): warning C4244: аргумент: преобразование "double" в "int", возможна потеря данных
d:\888\kodsolushen\source\repos\course_one\grafic_function\grafic_function.cpp(298): warning C4244: аргумент: преобразование "double" в "int", возможна потеря данных
d:\888\kodsolushen\source\repos\course_one\grafic_function\grafic_function.cpp(303): warning C4244: аргумент: преобразование "double" в "int", возможна потеря данных
d:\888\kodsolushen\source\repos\course_one\grafic_function\grafic_function.cpp(304): warning C4244: аргумент: преобразование "double" в "int", возможна потеря данных
d:\888\kodsolushen\source\repos\course_one\grafic_function\grafic_function.cpp(329): warning C4244: аргумент: преобразование "double" в "int", возможна потеря данных
d:\888\kodsolushen\source\repos\course_one\grafic_function\grafic_function.cpp(341): warning C4244: аргумент: преобразование "double" в "int", возможна потеря данных
d:\888\kodsolushen\source\repos\course_one\grafic_function\grafic_function.cpp(345): warning C4244: аргумент: преобразование "double" в "int", возможна потеря данных
d:\888\kodsolushen\source\repos\course_one\grafic_function\grafic_function.cpp(350): warning C4244: аргумент: преобразование "double" в "int", возможна потеря данных
d:\888\kodsolushen\source\repos\course_one\grafic_function\grafic_function.cpp(351): warning C4244: аргумент: преобразование "double" в "int", возможна потеря данных
d:\888\kodsolushen\source\repos\course_one\grafic_function\grafic_function.cpp(365): warning C4244: аргумент: преобразование "double" в "int", возможна потеря данных
d:\888\kodsolushen\source\repos\course_one\grafic_function\grafic_function.cpp(406): warning C4101: q_str: неиспользованная локальная переменная
d:\888\kodsolushen\source\repos\course_one\grafic_function\grafic_function.cpp(499): warning C4244: return: преобразование "double" в "float", возможна потеря данных
d:\888\kodsolushen\source\repos\course_one\grafic_function\grafic_function.cpp(525): warning C4244: return: преобразование "double" в "float", возможна потеря данных
d:\888\kodsolushen\source\repos\course_one\grafic_function\grafic_function.cpp(606): warning C4267: =: преобразование из "size_t" в "SHORT"; возможна потеря данных
d:\888\kodsolushen\source\repos\course_one\grafic_function\grafic_function.cpp(615): warning C4267: =: преобразование из "size_t" в "SHORT"; возможна потеря данных
d:\888\kodsolushen\source\repos\course_one\grafic_function\grafic_function.cpp(623): warning C4267: =: преобразование из "size_t" в "SHORT"; возможна потеря данных
d:\888\kodsolushen\source\repos\course_one\grafic_function\grafic_function.cpp(55): warning C4715: f: значение возвращается не при всех путях выполнения
d:\888\kodsolushen\source\repos\course_one\grafic_function\grafic_function.cpp(187): warning C4715: eval: значение возвращается не при всех путях выполнения
d:\888\kodsolushen\source\repos\course_one\grafic_function\grafic_function.cpp(560): warning C4715: function_read_cheak_input: значение возвращается не при всех путях выполнения
  Grafic_function.vcxproj -> D:\888\KODSOLUSHEN\source\repos\Course_one\Grafic_function\Debug\Grafic_function.exe
