  stdafx.cpp
  Grafic_function.cpp
c:\users\rezer\source\repos\grafic_function\grafic_function.cpp(260): warning C4552: "+": результат выражения не используется
c:\users\rezer\source\repos\grafic_function\grafic_function.cpp(270): warning C4244: return: преобразование "double" в "float", возможна потеря данных
c:\users\rezer\source\repos\grafic_function\grafic_function.cpp(395): warning C4244: аргумент: преобразование "float" в "int", возможна потеря данных
c:\users\rezer\source\repos\grafic_function\grafic_function.cpp(396): warning C4244: аргумент: преобразование "float" в "int", возможна потеря данных
c:\users\rezer\source\repos\grafic_function\grafic_function.cpp(442): warning C4244: аргумент: преобразование "double" в "int", возможна потеря данных
c:\users\rezer\source\repos\grafic_function\grafic_function.cpp(443): warning C4244: аргумент: преобразование "double" в "int", возможна потеря данных
c:\users\rezer\source\repos\grafic_function\grafic_function.cpp(497): warning C4267: =: преобразование из "size_t" в "SHORT"; возможна потеря данных
c:\users\rezer\source\repos\grafic_function\grafic_function.cpp(506): warning C4267: =: преобразование из "size_t" в "SHORT"; возможна потеря данных
c:\users\rezer\source\repos\grafic_function\grafic_function.cpp(512): warning C4267: =: преобразование из "size_t" в "SHORT"; возможна потеря данных
c:\program files (x86)\microsoft visual studio\2017\professional\vc\tools\msvc\14.14.26428\include\xutility(2483): error C4996: 'std::copy::_Unchecked_iterators::_Deprecate': Call to 'std::copy' with parameters that may be unsafe - this call relies on the caller to check that the passed values are correct. To disable this warning, use -D_SCL_SECURE_NO_WARNINGS. See documentation on how to use Visual C++ 'Checked Iterators'
  c:\program files (x86)\microsoft visual studio\2017\professional\vc\tools\msvc\14.14.26428\include\xutility(2483): note:  см. объявление "std::copy::_Unchecked_iterators::_Deprecate"
  c:\users\rezer\source\repos\grafic_function\grafic_function.cpp(254): note: выполняется компиляция ссылки на экземпляр шаблон функции "_OutIt *std::copy<std::_String_iterator<std::_String_val<std::_Simple_types<_Ty>>>,char*>(_InIt,_InIt,_OutIt)"
          with
          [
              _OutIt=char *,
              _Ty=char,
              _InIt=std::_String_iterator<std::_String_val<std::_Simple_types<char>>>
          ]
